<?xml version="1.0" encoding="UTF-8"?>
<!-- Generated by org.testng.reporters.JUnitReportReporter -->
<testsuite hostname="DESKTOP-E0D86RI" failures="0" tests="1" name="Testlearn.Pagefactrylearn" time="4.354" errors="0" timestamp="2025-04-20T11:56:01 IST" skipped="0">
  <testcase classname="Testlearn.Pagefactrylearn" name="login" time="4.354"/>
</testsuite> <!-- Testlearn.Pagefactrylearn -->
