<?xml version="1.0" encoding="UTF-8"?>
<!-- Generated by org.testng.reporters.JUnitReportReporter -->
<testsuite hostname="DESKTOP-E0D86RI" failures="0" tests="1" name="Testlearn.Reportgen" time="8.848" errors="0" timestamp="2025-04-20T09:23:35 IST" skipped="0">
  <testcase classname="Testlearn.Reportgen" name="logintest" time="8.848"/>
</testsuite> <!-- Testlearn.Reportgen -->
