<?xml version="1.0" encoding="UTF-8"?>
<!-- Generated by org.testng.reporters.JUnitReportReporter -->
<testsuite hostname="DESKTOP-E0D86RI" failures="0" tests="1" name="Testlearn.Javascritexelearn" time="9.259" errors="0" timestamp="2025-04-25T20:58:15 IST" skipped="0">
  <testcase classname="Testlearn.Javascritexelearn" name="javaexelearn" time="9.259"/>
</testsuite> <!-- Testlearn.Javascritexelearn -->
