<?xml version="1.0" encoding="UTF-8"?>
<!-- Generated by org.testng.reporters.JUnitReportReporter -->
<testsuite hostname="DESKTOP-E0D86RI" failures="0" tests="1" name="Testlearn.BaseTest" time="3.860" errors="0" timestamp="2025-05-18T15:27:49 IST" skipped="0">
  <testcase classname="Testlearn.BaseTest" name="UpploadFile" time="3.860"/>
</testsuite> <!-- Testlearn.BaseTest -->
