<?xml version="1.0" encoding="UTF-8"?>
<!-- Generated by org.testng.reporters.JUnitReportReporter -->
<testsuite hostname="DESKTOP-E0D86RI" failures="0" tests="2" name="Testlearn.Dataprovdbydatame" time="15.835" errors="0" timestamp="2025-04-19T17:28:59 IST" skipped="0">
  <testcase classname="Testlearn.Dataprovdbydatame" name="LoginTest" time="7.036"/>
  <testcase classname="Testlearn.Dataprovdbydatame" name="LoginTest" time="8.799"/>
</testsuite> <!-- Testlearn.Dataprovdbydatame -->
