<?xml version="1.0" encoding="UTF-8"?>
<!-- Generated by org.testng.reporters.JUnitReportReporter -->
<testsuite hostname="DESKTOP-E0D86RI" failures="0" tests="3" name="Testlearn.ReportTestCase" time="17.832" errors="0" timestamp="2025-04-20T09:28:22 IST" skipped="0">
  <testcase classname="Testlearn.ReportTestCase" name="login" time="13.812"/>
  <testcase classname="Testlearn.ReportTestCase" name="logout" time="3.696"/>
  <testcase classname="Testlearn.ReportTestCase" name="CloseBrowser" time="0.324"/>
</testsuite> <!-- Testlearn.ReportTestCase -->
