<?xml version="1.0" encoding="UTF-8"?>
<!-- Generated by org.testng.reporters.JUnitReportReporter -->
<testsuite hostname="DESKTOP-E0D86RI" failures="0" tests="1" name="APITestingRestAssured.SampleRunAPI" time="3.156" errors="0" timestamp="2025-05-24T22:30:53 IST" skipped="0">
  <testcase classname="APITestingRestAssured.SampleRunAPI" name="testHeadMethod" time="3.156"/>
</testsuite> <!-- APITestingRestAssured.SampleRunAPI -->
