<?xml version="1.0" encoding="UTF-8"?>
<!-- Generated by org.testng.reporters.JUnitReportReporter -->
<testsuite hostname="DESKTOP-E0D86RI" failures="0" tests="1" name="Testlearn.FileUploadTestLearn" time="5.746" errors="0" timestamp="2025-05-18T15:56:24 IST" skipped="0">
  <testcase classname="Testlearn.FileUploadTestLearn" name="UpploadFile" time="5.746"/>
</testsuite> <!-- Testlearn.FileUploadTestLearn -->
