<?xml version="1.0" encoding="UTF-8"?>
<!-- Generated by org.testng.reporters.JUnitReportReporter -->
<testsuite hostname="DESKTOP-E0D86RI" failures="0" tests="3" name="ParallelExecutiontionPractice.LoginUser" time="0.062" errors="0" timestamp="2025-05-24T17:06:44 IST" skipped="0">
  <testcase classname="ParallelExecutiontionPractice.LoginUser" name="loginrWithInValidCredentials" time="0.022"/>
  <testcase classname="ParallelExecutiontionPractice.LoginUser" name="loginWithInValidEmail" time="0.034"/>
  <testcase classname="ParallelExecutiontionPractice.LoginUser" name="loginWithValidCredentials" time="0.006"/>
</testsuite> <!-- ParallelExecutiontionPractice.LoginUser -->
