<?xml version="1.0" encoding="UTF-8"?>
<!-- Generated by org.testng.reporters.JUnitReportReporter -->
<testsuite hostname="DESKTOP-E0D86RI" failures="0" tests="3" name="ParallelExecutiontionPractice.RegisterUser" time="0.063" errors="0" timestamp="2025-05-24T17:06:44 IST" skipped="0">
  <testcase classname="ParallelExecutiontionPractice.RegisterUser" name="registerWithInValidCredentials" time="0.024"/>
  <testcase classname="ParallelExecutiontionPractice.RegisterUser" name="registerWithInValidEmail" time="0.018"/>
  <testcase classname="ParallelExecutiontionPractice.RegisterUser" name="registerWithValidCredentials" time="0.021"/>
</testsuite> <!-- ParallelExecutiontionPractice.RegisterUser -->
