<?xml version="1.0" encoding="UTF-8"?>
<!-- Generated by org.testng.reporters.JUnitReportReporter -->
<testsuite hostname="DESKTOP-E0D86RI" failures="0" tests="1" name="Testlearn.Datapropo" time="0.017" errors="0" timestamp="2025-04-19T18:06:36 IST" skipped="0">
  <testcase classname="Testlearn.Datapropo" name="data" time="0.017"/>
</testsuite> <!-- Testlearn.Datapropo -->
