<?xml version="1.0" encoding="UTF-8"?>
<!-- Generated by org.testng.reporters.JUnitReportReporter -->
<testsuite hostname="DESKTOP-E0D86RI" failures="0" tests="3" name="ParallelExecutiontionPractice.SearchInWebsite" time="0.046" errors="0" timestamp="2025-05-24T17:06:44 IST" skipped="0">
  <testcase classname="ParallelExecutiontionPractice.SearchInWebsite" name="searchOne" time="0.023"/>
  <testcase classname="ParallelExecutiontionPractice.SearchInWebsite" name="searchTwo" time="0.005"/>
  <testcase classname="ParallelExecutiontionPractice.SearchInWebsite" name="searchThree" time="0.018"/>
</testsuite> <!-- ParallelExecutiontionPractice.SearchInWebsite -->
