<?xml version="1.0" encoding="UTF-8"?>
<!-- Generated by org.testng.reporters.JUnitReportReporter -->
<testsuite hostname="DESKTOP-E0D86RI" failures="0" tests="1" name="Testlearn.Brokenlinkstestclass" time="28.049" errors="0" timestamp="2025-05-16T22:20:58 IST" skipped="0">
  <testcase classname="Testlearn.Brokenlinkstestclass" name="links" time="28.049"/>
</testsuite> <!-- Testlearn.Brokenlinkstestclass -->
