<?xml version="1.0" encoding="UTF-8"?>
<!-- Generated by org.testng.reporters.JUnitReportReporter -->
<testsuite hostname="DESKTOP-E0D86RI" failures="0" tests="1" name="Testlearn.Dataprovidebypropfile" time="10.994" errors="0" timestamp="2025-04-19T18:09:05 IST" skipped="0">
  <testcase classname="Testlearn.Dataprovidebypropfile" name="LoginTest" time="10.994"/>
</testsuite> <!-- Testlearn.Dataprovidebypropfile -->
