<?xml version="1.0" encoding="UTF-8"?>
<!-- Generated by org.testng.reporters.JUnitReportReporter -->
<testsuite hostname="DESKTOP-E0D86RI" failures="0" tests="1" name="Testlearn.HandleStaleElement" time="10.593" errors="0" timestamp="2025-05-24T07:59:35 IST" skipped="0">
  <testcase classname="Testlearn.HandleStaleElement" name="SampleCheckBoxIdentify" time="10.593"/>
</testsuite> <!-- Testlearn.HandleStaleElement -->
