<?xml version="1.0" encoding="UTF-8"?>
<!-- Generated by org.testng.reporters.JUnitReportReporter -->
<testsuite hostname="DESKTOP-E0D86RI" failures="0" tests="1" name="Testlearn.Fullpagescreenshot" time="12.573" errors="0" timestamp="2025-04-25T21:49:25 IST" skipped="0">
  <testcase classname="Testlearn.Fullpagescreenshot" name="cap_full_screen" time="12.573"/>
</testsuite> <!-- Testlearn.Fullpagescreenshot -->
