<?xml version="1.0" encoding="UTF-8"?>
<!-- Generated by org.testng.reporters.JUnitReportReporter -->
<testsuite hostname="DESKTOP-E0D86RI" failures="0" tests="1" name="ParallelExecutiontionPractice.LogoutUser" time="0.022" errors="0" timestamp="2025-05-24T17:06:44 IST" skipped="0">
  <testcase classname="ParallelExecutiontionPractice.LogoutUser" name="logOutUser" time="0.022"/>
</testsuite> <!-- ParallelExecutiontionPractice.LogoutUser -->
