<?xml version="1.0" encoding="UTF-8"?>
<!-- Generated by org.testng.reporters.JUnitReportReporter -->
<testsuite hostname="DESKTOP-E0D86RI" failures="0" tests="3" name="Testlearn.Testdatafrmexceldata" time="20.625" errors="0" timestamp="2025-04-19T18:45:03 IST" skipped="0">
  <testcase classname="Testlearn.Testdatafrmexceldata" name="login" time="7.905"/>
  <testcase classname="Testlearn.Testdatafrmexceldata" name="login" time="6.748"/>
  <testcase classname="Testlearn.Testdatafrmexceldata" name="login" time="5.972"/>
</testsuite> <!-- Testlearn.Testdatafrmexceldata -->
